CRITICAL - 2024-10-12 23:47:16 --> ErrorException: include(admin/header.php): Failed to open stream: No such file or directory
[Method: GET, Route: Admin]
in APPPATH\Views\dashboardAdmin.php on line 2.
 1 APPPATH\Views\dashboardAdmin.php(2): CodeIgniter\Debug\Exceptions->errorHandler(2, 'include(admin/header.php): Failed to open stream: No such file or directory', 'C:\\xampp\\htdocs\\project\\EventRegistrasi\\core\\app\\Views\\dashboardAdmin.php', 2)
 2 APPPATH\Views\dashboardAdmin.php(2): include()
 3 SYSTEMPATH\View\View.php(234): include('C:\\xampp\\htdocs\\project\\EventRegistrasi\\core\\app\\Views\\dashboardAdmin.php')
 4 SYSTEMPATH\View\View.php(237): CodeIgniter\View\View->CodeIgniter\View\{closure}()
 5 SYSTEMPATH\Common.php(1171): CodeIgniter\View\View->render('dashboardAdmin', [], true)
 6 APPPATH\Controllers\Page.php(21): view('dashboardAdmin')
 7 SYSTEMPATH\CodeIgniter.php(933): App\Controllers\Page->admin()
 8 SYSTEMPATH\CodeIgniter.php(509): CodeIgniter\CodeIgniter->runController(Object(App\Controllers\Page))
 9 SYSTEMPATH\CodeIgniter.php(355): CodeIgniter\CodeIgniter->handleRequest(null, Object(Config\Cache), false)
10 SYSTEMPATH\Boot.php(325): CodeIgniter\CodeIgniter->run()
11 SYSTEMPATH\Boot.php(67): CodeIgniter\Boot::runCodeIgniter(Object(CodeIgniter\CodeIgniter))
12 FCPATH\index.php(56): CodeIgniter\Boot::bootWeb(Object(Config\Paths))
CRITICAL - 2024-10-12 23:48:01 --> ErrorException: include(admin/header.php): Failed to open stream: No such file or directory
[Method: GET, Route: Admin]
in APPPATH\Views\dashboardAdmin.php on line 2.
 1 APPPATH\Views\dashboardAdmin.php(2): CodeIgniter\Debug\Exceptions->errorHandler(2, 'include(admin/header.php): Failed to open stream: No such file or directory', 'C:\\xampp\\htdocs\\project\\EventRegistrasi\\core\\app\\Views\\dashboardAdmin.php', 2)
 2 APPPATH\Views\dashboardAdmin.php(2): include()
 3 SYSTEMPATH\View\View.php(234): include('C:\\xampp\\htdocs\\project\\EventRegistrasi\\core\\app\\Views\\dashboardAdmin.php')
 4 SYSTEMPATH\View\View.php(237): CodeIgniter\View\View->CodeIgniter\View\{closure}()
 5 SYSTEMPATH\Common.php(1171): CodeIgniter\View\View->render('dashboardAdmin', [], true)
 6 APPPATH\Controllers\Page.php(21): view('dashboardAdmin')
 7 SYSTEMPATH\CodeIgniter.php(933): App\Controllers\Page->admin()
 8 SYSTEMPATH\CodeIgniter.php(509): CodeIgniter\CodeIgniter->runController(Object(App\Controllers\Page))
 9 SYSTEMPATH\CodeIgniter.php(355): CodeIgniter\CodeIgniter->handleRequest(null, Object(Config\Cache), false)
10 SYSTEMPATH\Boot.php(325): CodeIgniter\CodeIgniter->run()
11 SYSTEMPATH\Boot.php(67): CodeIgniter\Boot::runCodeIgniter(Object(CodeIgniter\CodeIgniter))
12 FCPATH\index.php(56): CodeIgniter\Boot::bootWeb(Object(Config\Paths))
